<?xml version="1.0" encoding="UTF-8"?>
<robot generator="Robot 3.1.2 (Python 3.7.3 on win32)" generated="20190829 09:10:08.879" rpa="false">
<suite id="s1" name="Tc" source="C:\project\c_project\work88\task\tc">
<suite id="s1-s1" name="Web测试" source="C:\project\c_project\work88\task\tc\web测试">
<kw name="Setup Web Test" library="pylib7.WebOpAdmin" type="setup">
<status status="PASS" starttime="20190829 09:10:09.073" endtime="20190829 09:10:14.699"></status>
</kw>
<suite id="s1-s1-s1" name="管理员操作" source="C:\project\c_project\work88\task\tc\web测试\管理员操作">
<kw name="登录" library="pylib7.WebOpAdmin" type="setup">
<status status="PASS" starttime="20190829 09:10:14.708" endtime="20190829 09:10:15.849"></status>
</kw>
<suite id="s1-s1-s1-s1" name="老师管理" source="C:\project\c_project\work88\task\tc\web测试\管理员操作\老师管理">
<suite id="s1-s1-s1-s1-s1" name="添加老师" source="C:\project\c_project\work88\task\tc\web测试\管理员操作\老师管理\添加老师.robot">
<test id="s1-s1-s1-s1-s1-t1" name="添加老师">
<kw name="Run Keywords" library="BuiltIn" type="setup">
<doc>Executes all the given keywords in a sequence.</doc>
<arguments>
<arg>deleteAllt</arg>
<arg>AND</arg>
<arg>deleteAllc</arg>
<arg>AND</arg>
<arg>增加课程</arg>
<arg>初中语文</arg>
<arg>初中语文描述</arg>
<arg>1</arg>
</arguments>
<kw name="Delete Allt" library="pylib7.WebOpAdmin">
<status status="PASS" starttime="20190829 09:10:16.021" endtime="20190829 09:10:19.673"></status>
</kw>
<kw name="Delete Allc" library="pylib7.WebOpAdmin">
<status status="PASS" starttime="20190829 09:10:19.673" endtime="20190829 09:10:21.444"></status>
</kw>
<kw name="增加课程" library="pylib7.WebOpAdmin">
<arguments>
<arg>初中语文</arg>
<arg>初中语文描述</arg>
<arg>1</arg>
</arguments>
<msg timestamp="20190829 09:10:21.467" level="FAIL">NoSuchWindowException: Message: no such window: target window already closed
from unknown error: web view not found
  (Session info: chrome=75.0.3770.100)
  (Driver info: chromedriver=72.0.3626.7 (efcef9a3ecda02b2132af215116a03852d08b9cb),platform=Windows NT 10.0.18362 x86_64)
</msg>
<status status="FAIL" starttime="20190829 09:10:21.445" endtime="20190829 09:10:21.468"></status>
</kw>
<status status="FAIL" starttime="20190829 09:10:16.021" endtime="20190829 09:10:21.468"></status>
</kw>
<kw name="Run Keywords" library="BuiltIn" type="teardown">
<doc>Executes all the given keywords in a sequence.</doc>
<arguments>
<arg>deleteAllt</arg>
<arg>AND</arg>
<arg>deleteAllc</arg>
</arguments>
<kw name="Delete Allt" library="pylib7.WebOpAdmin">
<msg timestamp="20190829 09:10:21.481" level="FAIL">NoSuchWindowException: Message: no such window: target window already closed
from unknown error: web view not found
  (Session info: chrome=75.0.3770.100)
  (Driver info: chromedriver=72.0.3626.7 (efcef9a3ecda02b2132af215116a03852d08b9cb),platform=Windows NT 10.0.18362 x86_64)
</msg>
<status status="FAIL" starttime="20190829 09:10:21.473" endtime="20190829 09:10:21.481"></status>
</kw>
<kw name="Delete Allc" library="pylib7.WebOpAdmin">
<msg timestamp="20190829 09:10:21.497" level="FAIL">NoSuchWindowException: Message: no such window: target window already closed
from unknown error: web view not found
  (Session info: chrome=75.0.3770.100)
  (Driver info: chromedriver=72.0.3626.7 (efcef9a3ecda02b2132af215116a03852d08b9cb),platform=Windows NT 10.0.18362 x86_64)
</msg>
<status status="FAIL" starttime="20190829 09:10:21.481" endtime="20190829 09:10:21.497"></status>
</kw>
<status status="FAIL" starttime="20190829 09:10:21.472" endtime="20190829 09:10:21.499">Several failures occurred:

1) NoSuchWindowException: Message: no such window: target window already closed
from unknown error: web view not found
  (Session info: chrome=75.0.3770.100)
  (Driver info: chromedriver=72.0.3626.7 (efcef9a3ecda02b2132af215116a03852d08b9cb),platform=Windows NT 10.0.18362 x86_64)


2) NoSuchWindowException: Message: no such window: target window already closed
from unknown error: web view not found
  (Session info: chrome=75.0.3770.100)
  (Driver info: chromedriver=72.0.3626.7 (efcef9a3ecda02b2132af215116a03852d08b9cb),platform=Windows NT 10.0.18362 x86_64)
</status>
</kw>
<status status="FAIL" starttime="20190829 09:10:16.018" endtime="20190829 09:10:21.509" critical="yes">Setup failed:
NoSuchWindowException: Message: no such window: target window already closed
from unknown error: web view not found
  (Session info: chrome=75.0.3770.100)
  (Driver info: chromedriver=72.0.3626.7 (efcef9a3ecda02b2132af215116a03852d08b9cb),platform=Windows NT 10.0.18362 x86_64)


Also teardown failed:
Several failures occurred:

1) NoSuchWindowException: Message: no such window: target window already closed
from unknown error: web view not found
  (Session info: chrome=75.0.3770.100)
  (Driver info: chromedriver=72.0.3626.7 (efcef9a3ecda02b2132af215116a03852d08b9cb),platform=Windows NT 10.0.18362 x86_64)


2) NoSuchWindowException: Message: no such window: target window already closed
from unknown error: web view not found
  (Session info: chrome=75.0.3770.100)
  (Driver info: chromedriver=72.0.3626.7 (efcef9a3ecda02b2132af215116a03852d08b9cb),platform=Windows NT 10.0.18362 x86_64)
</status>
</test>
<status status="FAIL" starttime="20190829 09:10:15.859" endtime="20190829 09:10:21.513"></status>
</suite>
<status status="FAIL" starttime="20190829 09:10:15.849" endtime="20190829 09:10:21.522"></status>
</suite>
<kw name="退出" library="pylib7.WebOpAdmin" type="teardown">
<msg timestamp="20190829 09:10:21.535" level="FAIL">NoSuchWindowException: Message: no such window: target window already closed
from unknown error: web view not found
  (Session info: chrome=75.0.3770.100)
  (Driver info: chromedriver=72.0.3626.7 (efcef9a3ecda02b2132af215116a03852d08b9cb),platform=Windows NT 10.0.18362 x86_64)
</msg>
<status status="FAIL" starttime="20190829 09:10:21.530" endtime="20190829 09:10:21.535">NoSuchWindowException: Message: no such window: target window already closed
from unknown error: web view not found
  (Session info: chrome=75.0.3770.100)
  (Driver info: chromedriver=72.0.3626.7 (efcef9a3ecda02b2132af215116a03852d08b9cb),platform=Windows NT 10.0.18362 x86_64)
</status>
</kw>
<status status="FAIL" starttime="20190829 09:10:14.700" endtime="20190829 09:10:21.535">Suite teardown failed:
NoSuchWindowException: Message: no such window: target window already closed
from unknown error: web view not found
  (Session info: chrome=75.0.3770.100)
  (Driver info: chromedriver=72.0.3626.7 (efcef9a3ecda02b2132af215116a03852d08b9cb),platform=Windows NT 10.0.18362 x86_64)
</status>
</suite>
<kw name="Tear Down Web Test" library="pylib7.WebOpAdmin" type="teardown">
<status status="PASS" starttime="20190829 09:10:21.542" endtime="20190829 09:10:23.909"></status>
</kw>
<status status="FAIL" starttime="20190829 09:10:08.915" endtime="20190829 09:10:23.910"></status>
</suite>
<status status="FAIL" starttime="20190829 09:10:08.882" endtime="20190829 09:10:23.919"></status>
</suite>
<statistics>
<total>
<stat pass="0" fail="1">Critical Tests</stat>
<stat pass="0" fail="1">All Tests</stat>
</total>
<tag>
</tag>
<suite>
<stat pass="0" fail="1" id="s1" name="Tc">Tc</stat>
<stat pass="0" fail="1" id="s1-s1" name="Web测试">Tc.Web测试</stat>
<stat pass="0" fail="1" id="s1-s1-s1" name="管理员操作">Tc.Web测试.管理员操作</stat>
<stat pass="0" fail="1" id="s1-s1-s1-s1" name="老师管理">Tc.Web测试.管理员操作.老师管理</stat>
<stat pass="0" fail="1" id="s1-s1-s1-s1-s1" name="添加老师">Tc.Web测试.管理员操作.老师管理.添加老师</stat>
</suite>
</statistics>
<errors>
</errors>
</robot>
