<?xml version="1.0" encoding="UTF-8"?>
<robot generator="Robot 3.1.2 (Python 3.7.3 on win32)" generated="20190827 23:43:19.015" rpa="false">
<suite id="s1" name="Tc" source="C:\project\c_project\work888\task\tc">
<suite id="s1-s1" name="Web测试" source="C:\project\c_project\work888\task\tc\web测试">
<suite id="s1-s1-s1" name="管理员操作" source="C:\project\c_project\work888\task\tc\web测试\管理员操作">
<suite id="s1-s1-s1-s1" name="老师管理" source="C:\project\c_project\work888\task\tc\web测试\管理员操作\老师管理">
<suite id="s1-s1-s1-s1-s1" name="添加老师" source="C:\project\c_project\work888\task\tc\web测试\管理员操作\老师管理\添加老师.robot">
<test id="s1-s1-s1-s1-s1-t1" name="添加老师">
<kw name="Run Keywords" library="BuiltIn" type="setup">
<doc>Executes all the given keywords in a sequence.</doc>
<arguments>
<arg>list_course</arg>
<arg>AND</arg>
<arg>list_teacher</arg>
</arguments>
<kw name="List Course" library="pylib.test8">
<status status="PASS" starttime="20190827 23:43:19.391" endtime="20190827 23:43:21.413"></status>
</kw>
<kw name="List Teacher" library="pylib.test8">
<status status="PASS" starttime="20190827 23:43:21.414" endtime="20190827 23:43:23.425"></status>
</kw>
<status status="PASS" starttime="20190827 23:43:19.391" endtime="20190827 23:43:23.425"></status>
</kw>
<kw name="Add Course" library="pylib.test8">
<arguments>
<arg>数学</arg>
<arg>数学描述</arg>
<arg>1</arg>
</arguments>
<assign>
<var>${lesson}</var>
</assign>
<msg timestamp="20190827 23:43:25.460" level="INFO">${lesson} = {'retcode': 0, 'id': 1164}</msg>
<status status="PASS" starttime="20190827 23:43:23.425" endtime="20190827 23:43:25.460"></status>
</kw>
<kw name="Log To Console" library="BuiltIn">
<doc>Logs the given message to the console.</doc>
<arguments>
<arg>添加课程返回码${lesson}</arg>
</arguments>
<status status="PASS" starttime="20190827 23:43:25.461" endtime="20190827 23:43:25.461"></status>
</kw>
<kw name="Evaluate" library="BuiltIn">
<doc>Evaluates the given expression in Python and returns the results.</doc>
<arguments>
<arg>[{"id":${lesson['id']},"name":'数学'}]</arg>
</arguments>
<assign>
<var>${tea}</var>
</assign>
<msg timestamp="20190827 23:43:25.463" level="INFO">${tea} = [{'id': 1164, 'name': '数学'}]</msg>
<status status="PASS" starttime="20190827 23:43:25.462" endtime="20190827 23:43:25.463"></status>
</kw>
<kw name="Add Teacher" library="pylib.test8">
<arguments>
<arg>zhouyang</arg>
<arg>周扬password</arg>
<arg>周扬</arg>
<arg>周扬123</arg>
<arg>${tea}</arg>
<arg>1</arg>
</arguments>
<assign>
<var>${teach}</var>
</assign>
<msg timestamp="20190827 23:43:27.596" level="INFO">${teach} = {'retcode': 0, 'id': 317}</msg>
<status status="PASS" starttime="20190827 23:43:25.463" endtime="20190827 23:43:27.596"></status>
</kw>
<kw name="Log To Console" library="BuiltIn">
<doc>Logs the given message to the console.</doc>
<arguments>
<arg>老师返回码${teach}</arg>
</arguments>
<status status="PASS" starttime="20190827 23:43:27.597" endtime="20190827 23:43:27.598"></status>
</kw>
<kw name="Should Be True" library="BuiltIn">
<doc>Fails if the given condition is not true.</doc>
<arguments>
<arg>$teach=={'retcode': 0, 'id': ${teach['id']}}</arg>
</arguments>
<status status="PASS" starttime="20190827 23:43:27.598" endtime="20190827 23:43:27.609"></status>
</kw>
<kw name="List Course" library="pylib.test8">
<assign>
<var>${listc}</var>
</assign>
<msg timestamp="20190827 23:43:29.621" level="INFO">${listc} = {'retcode': 0, 'retlist': [{'id': 1164, 'name': '数学', 'desc': '数学描述', 'display_idx': 1}, {'id': 1082, 'name': '初中化学', 'desc': '初中化学课程', 'display_idx': 4}, {'id': 1080, 'name': '初中语文', 'desc': '语文', 'd...</msg>
<status status="PASS" starttime="20190827 23:43:27.610" endtime="20190827 23:43:29.621"></status>
</kw>
<kw name="Log To Console" library="BuiltIn">
<doc>Logs the given message to the console.</doc>
<arguments>
<arg>课程列表返回码${listc['retlist']}</arg>
</arguments>
<status status="PASS" starttime="20190827 23:43:29.622" endtime="20190827 23:43:29.623"></status>
</kw>
<kw name="Convert To Integer" library="BuiltIn">
<doc>Converts the given item to an integer number.</doc>
<arguments>
<arg>1</arg>
</arguments>
<assign>
<var>${a}</var>
</assign>
<msg timestamp="20190827 23:43:29.625" level="INFO">${a} = 1</msg>
<status status="PASS" starttime="20190827 23:43:29.625" endtime="20190827 23:43:29.625"></status>
</kw>
<kw name="Create Dictionary" library="BuiltIn">
<doc>Creates and returns a dictionary based on the given ``items``.</doc>
<arguments>
<arg>id=${lesson['id']}</arg>
<arg>name=数学</arg>
<arg>desc=数学描述</arg>
<arg>display_idx=${a}</arg>
</arguments>
<assign>
<var>${dir}</var>
</assign>
<msg timestamp="20190827 23:43:29.627" level="INFO">${dir} = {'id': 1164, 'name': '数学', 'desc': '数学描述', 'display_idx': 1}</msg>
<status status="PASS" starttime="20190827 23:43:29.626" endtime="20190827 23:43:29.627"></status>
</kw>
<kw name="Should Contain" library="BuiltIn">
<doc>Fails if ``container`` does not contain ``item`` one or more times.</doc>
<arguments>
<arg>${listc['retlist']}</arg>
<arg>${dir}</arg>
</arguments>
<status status="PASS" starttime="20190827 23:43:29.628" endtime="20190827 23:43:29.628"></status>
</kw>
<kw name="Should Be True" library="BuiltIn">
<doc>Fails if the given condition is not true.</doc>
<arguments>
<arg>$listc['retlist'][0]=={'id': ${lesson['id']}, 'name': '数学', 'desc': '数学描述', 'display_idx': 1}</arg>
</arguments>
<status status="PASS" starttime="20190827 23:43:29.629" endtime="20190827 23:43:29.631"></status>
</kw>
<kw name="Should Contain" library="BuiltIn">
<doc>Fails if ``container`` does not contain ``item`` one or more times.</doc>
<arguments>
<arg>'${listc['retlist']}'</arg>
<arg>{'id': ${lesson['id']}, 'name': '数学', 'desc': '数学描述', 'display_idx': 1}</arg>
</arguments>
<status status="PASS" starttime="20190827 23:43:29.631" endtime="20190827 23:43:29.632"></status>
</kw>
<kw name="Should Be True" library="BuiltIn">
<doc>Fails if the given condition is not true.</doc>
<arguments>
<arg>{'id': ${lesson['id']}, 'name': '数学', 'desc': '数学描述', 'display_idx': 1} in ${listc['retlist']}</arg>
</arguments>
<status status="PASS" starttime="20190827 23:43:29.633" endtime="20190827 23:43:29.633"></status>
</kw>
<kw name="Printarg" library="pylib.mylib3">
<arguments>
<arg>$listc['retlist'][0]</arg>
</arguments>
<msg timestamp="20190827 23:43:29.634" level="INFO">** args are **
-----------------
"$listc['retlist'][0]"
-----------------
** no kwargs **</msg>
<status status="PASS" starttime="20190827 23:43:29.634" endtime="20190827 23:43:29.634"></status>
</kw>
<kw name="Printarg" library="pylib.mylib3">
<arguments>
<arg>'${listc['retlist']}'</arg>
</arguments>
<msg timestamp="20190827 23:43:29.635" level="INFO">** args are **
-----------------
"'[{'id': 1164, 'name': '数学', 'desc': '数学描述', 'display_idx': 1}, {'id': 1082, 'name': '初中化学', 'desc': '初中化学课程', 'display_idx': 4}, {'id': 1080, 'name': '初中语文', 'desc': '语文', 'display_idx': 12}]'"
-----------------
** no kwargs **</msg>
<status status="PASS" starttime="20190827 23:43:29.635" endtime="20190827 23:43:29.635"></status>
</kw>
<kw name="Printarg" library="pylib.mylib3">
<arguments>
<arg>${listc['retlist']}</arg>
</arguments>
<msg timestamp="20190827 23:43:29.636" level="INFO">** args are **
-----------------
[{'id': 1164, 'name': '数学', 'desc': '数学描述', 'display_idx': 1}, {'id': 1082, 'name': '初中化学', 'desc': '初中化学课程', 'display_idx': 4}, {'id': 1080, 'name': '初中语文', 'desc': '语文', 'display_idx': 12}]
-----------------
** no kwargs **</msg>
<status status="PASS" starttime="20190827 23:43:29.636" endtime="20190827 23:43:29.637"></status>
</kw>
<kw name="Printarg" library="pylib.mylib3">
<arguments>
<arg>{'id': ${lesson['id']}, 'name': '数学', 'desc': '数学描述', 'display_idx': 1}</arg>
</arguments>
<msg timestamp="20190827 23:43:29.637" level="INFO">** args are **
-----------------
"{'id': 1164, 'name': '数学', 'desc': '数学描述', 'display_idx': 1}"
-----------------
** no kwargs **</msg>
<status status="PASS" starttime="20190827 23:43:29.637" endtime="20190827 23:43:29.637"></status>
</kw>
<kw name="List Teacher" library="pylib.test8">
<assign>
<var>${listt}</var>
</assign>
<msg timestamp="20190827 23:43:31.658" level="INFO">${listt} = {'retcode': 0, 'retlist': [{'id': 317, 'realname': '周扬', 'desc': '周扬123', 'display_idx': 1, 'username': 'zhouyang', 'courses': [{'course_id': 1164}]}, {'id': 266, 'realname': '恩静', 'desc': '恩静123', 'd...</msg>
<status status="PASS" starttime="20190827 23:43:29.638" endtime="20190827 23:43:31.658"></status>
</kw>
<kw name="Log To Console" library="BuiltIn">
<doc>Logs the given message to the console.</doc>
<arguments>
<arg>老师列表返回码${listt['retlist']}</arg>
</arguments>
<status status="PASS" starttime="20190827 23:43:31.658" endtime="20190827 23:43:31.660"></status>
</kw>
<kw name="Should Be True" library="BuiltIn">
<doc>Fails if the given condition is not true.</doc>
<arguments>
<arg>$listt['retlist'][0]=={'id': ${teach['id']}, 'realname': '周扬', 'desc': '周扬123', 'display_idx': 1, 'username': 'zhouyang', 'courses': [{'course_id': ${lesson['id']}}]}</arg>
</arguments>
<status status="PASS" starttime="20190827 23:43:31.660" endtime="20190827 23:43:31.663"></status>
</kw>
<kw name="Run Keywords" library="BuiltIn" type="teardown">
<doc>Executes all the given keywords in a sequence.</doc>
<arguments>
<arg>del_teacher</arg>
<arg>${teach['id']}</arg>
<arg>AND</arg>
<arg>del_course</arg>
<arg>${lesson['id']}</arg>
</arguments>
<kw name="Del Teacher" library="pylib.test8">
<arguments>
<arg>${teach['id']}</arg>
</arguments>
<msg timestamp="20190827 23:43:33.705" level="INFO">{'retcode': 0}</msg>
<status status="PASS" starttime="20190827 23:43:31.664" endtime="20190827 23:43:33.706"></status>
</kw>
<kw name="Del Course" library="pylib.test8">
<arguments>
<arg>${lesson['id']}</arg>
</arguments>
<msg timestamp="20190827 23:43:35.738" level="INFO">&lt;Response [200]&gt;</msg>
<status status="PASS" starttime="20190827 23:43:33.706" endtime="20190827 23:43:35.738"></status>
</kw>
<status status="PASS" starttime="20190827 23:43:31.664" endtime="20190827 23:43:35.738"></status>
</kw>
<status status="PASS" starttime="20190827 23:43:19.389" endtime="20190827 23:43:35.739" critical="yes"></status>
</test>
<status status="PASS" starttime="20190827 23:43:19.075" endtime="20190827 23:43:35.741"></status>
</suite>
<status status="PASS" starttime="20190827 23:43:19.068" endtime="20190827 23:43:35.747"></status>
</suite>
<status status="PASS" starttime="20190827 23:43:19.063" endtime="20190827 23:43:35.753"></status>
</suite>
<status status="PASS" starttime="20190827 23:43:19.059" endtime="20190827 23:43:35.758"></status>
</suite>
<status status="PASS" starttime="20190827 23:43:19.018" endtime="20190827 23:43:35.761"></status>
</suite>
<statistics>
<total>
<stat pass="1" fail="0">Critical Tests</stat>
<stat pass="1" fail="0">All Tests</stat>
</total>
<tag>
</tag>
<suite>
<stat pass="1" fail="0" id="s1" name="Tc">Tc</stat>
<stat pass="1" fail="0" id="s1-s1" name="Web测试">Tc.Web测试</stat>
<stat pass="1" fail="0" id="s1-s1-s1" name="管理员操作">Tc.Web测试.管理员操作</stat>
<stat pass="1" fail="0" id="s1-s1-s1-s1" name="老师管理">Tc.Web测试.管理员操作.老师管理</stat>
<stat pass="1" fail="0" id="s1-s1-s1-s1-s1" name="添加老师">Tc.Web测试.管理员操作.老师管理.添加老师</stat>
</suite>
</statistics>
<errors>
</errors>
</robot>
