<?xml version="1.0" encoding="UTF-8"?>
<robot generator="Robot 3.1.2 (Python 3.7.3 on win32)" generated="20190821 13:57:30.397" rpa="false">
<suite id="s1" name="Ceshi" source="C:\project\c_project\RF\ceshi.robot">
<test id="s1-t1" name="case001">
<kw name="Log To Console" library="BuiltIn">
<doc>Logs the given message to the console.</doc>
<arguments>
<arg>RF测试用例1</arg>

</arguments>
<status status="PASS" starttime="20190821 13:57:30.444" endtime="20190821 13:57:30.444"></status>
</kw>
<kw name="Log To Console" library="BuiltIn">
<doc>Logs the given message to the console.</doc>
<arguments>
<arg>RF测试用例2</arg>
</arguments>
<status status="PASS" starttime="20190821 13:57:30.444" endtime="20190821 13:57:30.444"></status>
</kw>
<status status="PASS" starttime="20190821 13:57:30.444" endtime="20190821 13:57:30.444" critical="yes"></status>
</test>
<status status="PASS" starttime="20190821 13:57:30.397" endtime="20190821 13:57:30.444"></status>
</suite>
<statistics>
<total>
<stat pass="1" fail="0">Critical Tests</stat>
<stat pass="1" fail="0">All Tests</stat>
</total>
<tag>
</tag>
<suite>
<stat pass="1" fail="0" id="s1" name="Ceshi">Ceshi</stat>
</suite>
</statistics>
<errors>
</errors>
</robot>
