{"name": "test_b", "status": "failed", "statusDetails": {"message": "AssertionError: assert 0", "trace": "def test_b():\n        print(\"test——b\")\n>       assert 0\nE       assert 0\n\nscripts\\test_report.py:9: AssertionError"}, "start": 1584329537051, "stop": 1584329537051, "uuid": "a162ac69-aeff-4504-a1c0-34be61e27ec8", "historyId": "3c2a30388a94c278d9a4d259ca344662", "testCaseId": "50a4fbf6b4451cdb025abc41d36a57b2", "fullName": "scripts.test_report#test_b", "labels": [{"name": "parentSuite", "value": "scripts"}, {"name": "suite", "value": "test_report"}, {"name": "host", "value": "X84DLS8ARYVJRTM"}, {"name": "thread", "value": "20872-MainThread"}, {"name": "framework", "value": "pytest"}, {"name": "language", "value": "cpython3"}, {"name": "package", "value": "scripts.test_report"}]}