{"name": "test_b", "status": "failed", "statusDetails": {"message": "AssertionError: assert 0", "trace": "def test_b():\n        print(\"\\ntest_b\")\n>       assert 0\nE       assert 0\n\nscripts\\test_hello.py:11: AssertionError"}, "start": 1584329537037, "stop": 1584329537037, "uuid": "adc212b9-e214-49ab-b97b-f9c460b0e334", "historyId": "aac27150335793acb899c48ea325a72f", "testCaseId": "bef1aa1b56e21d39f076b850083b002e", "fullName": "scripts.test_hello#test_b", "labels": [{"name": "parentSuite", "value": "scripts"}, {"name": "suite", "value": "test_hello"}, {"name": "host", "value": "X84DLS8ARYVJRTM"}, {"name": "thread", "value": "20872-MainThread"}, {"name": "framework", "value": "pytest"}, {"name": "language", "value": "cpython3"}, {"name": "package", "value": "scripts.test_hello"}]}